<?xml version="1.0" encoding="UTF-8"?>
<!-- Generated by org.testng.reporters.JUnitReportReporter -->
<testsuite skipped="0" hostname="Vivek-PC" name="testNGSample.TestNGSample" tests="1" failures="0" timestamp="2020-11-08T18:38:57 IST" time="5.187" errors="0">
  <testcase name="enterIBM" time="5.187" classname="testNGSample.TestNGSample"/>
  <system-out/>
</testsuite> <!-- testNGSample.TestNGSample -->
