<?xml version="1.0" encoding="UTF-8"?>
<!-- Generated by org.testng.reporters.JUnitReportReporter -->
<testsuite skipped="0" hostname="Vivek-PC" name="firstpackage.TestNGSample" tests="1" failures="0" timestamp="2020-11-03T10:30:42 IST" time="19.859" errors="0">
  <testcase name="enterIBM" time="19.859" classname="firstpackage.TestNGSample"/>
  <system-out/>
</testsuite> <!-- firstpackage.TestNGSample -->
