<?xml version="1.0" encoding="UTF-8"?>
<!-- Generated by org.testng.reporters.JUnitReportReporter -->
<testsuite skipped="0" hostname="Vivek-PC" name="withoutcucumber.TestNGSample" tests="1" failures="0" timestamp="2020-11-03T10:32:49 IST" time="5.292" errors="0">
  <testcase name="enterIBM" time="5.292" classname="withoutcucumber.TestNGSample"/>
  <system-out/>
</testsuite> <!-- withoutcucumber.TestNGSample -->
