<?xml version="1.0" encoding="UTF-8"?>
<!-- Generated by org.testng.reporters.JUnitReportReporter -->
<testsuite skipped="0" hostname="Vivek-PC" name="testNGSample.AllAnnotation" tests="4" failures="0" timestamp="2020-11-08T21:38:14 IST" time="0.020" errors="0">
  <testcase name="testMethod1" time="0.004" classname="testNGSample.AllAnnotation"/>
  <system-out/>
  <testcase name="testMethod" time="0.009" classname="testNGSample.AllAnnotation"/>
  <system-out/>
  <testcase name="testMethod1" time="0.002" classname="testNGSample.AllAnnotation"/>
  <system-out/>
  <testcase name="testMethod" time="0.005" classname="testNGSample.AllAnnotation"/>
  <system-out/>
</testsuite> <!-- testNGSample.AllAnnotation -->
